2024-03-01 09:30:12,693 [INFO] Activator:176 - 


2024-03-01 09:30:12,695 [INFO] Activator:177 - !SESSION log4j initialized
2024-03-01 09:30:17,287 [ERROR] LogOutputStream:75 - [STDERR_REDIRECT] 
2024-03-01 09:30:17,870 [INFO] LogOutputStream:77 - [STDOUT_REDIRECT] 
2024-03-01 09:30:18,586 [INFO] LogOutputStream:77 - [STDOUT_REDIRECT] 
2024-03-01 09:30:19,250 [ERROR] ConfigurationRetriever:142 - IOException on connection: sw-center.st.com
2024-03-01 09:30:19,253 [ERROR] ConfigurationRetriever:142 - IOException on connection: sw-center.st.com
2024-03-01 09:30:19,254 [ERROR] ConfigurationRetriever:142 - IOException on connection: sw-center.st.com
2024-03-01 09:30:19,682 [INFO] ApplicationProperties:184 - Using Application install path: /Applications/STM32CubeIDE.app/Contents/Eclipse/plugins/com.st.stm32cube.common.mx_6.10.0.202311202037
2024-03-01 09:30:19,707 [INFO] DbMcusXml:78 - Set database path to: /Applications/STM32CubeIDE.app/Contents/Eclipse/plugins/com.st.stm32cube.common.mx_6.10.0.202311202037//db//mcu/
2024-03-01 09:30:19,708 [INFO] ApiDb:274 - Set plugin database path to: /Applications/STM32CubeIDE.app/Contents/Eclipse/plugins/com.st.stm32cube.common.mx_6.10.0.202311202037//db//plugins/boardmanager/
2024-03-01 09:30:19,709 [WARN] ApiDb:259 - Overriding images path with different value:  => /Applications/STM32CubeIDE.app/Contents/Eclipse/plugins/com.st.stm32cube.common.mx_6.10.0.202311202037//db//plugins/mcufinder/images/
2024-03-01 09:30:19,723 [INFO] ApiDb:250 - Set database path to: /Users/robert/.stmcufinder/plugins/mcufinder//mcu/
2024-03-01 09:30:19,724 [INFO] DbMcusAds:125 - Set database path to: /Users/robert/.stmcufinder/plugins/mcufinder//mcu/
2024-03-01 09:30:19,726 [INFO] CrossReferenceDbSqlite:203 - Set database path to: /Users/robert/.stmcufinder/plugins/mcufinder//mcu/cs/
2024-03-01 09:30:19,849 [INFO] RulesReader:64 - Compatibility file has been processed (297 Rules)
2024-03-01 09:30:19,912 [INFO] DbMcusXml:78 - Set database path to: /Applications/STM32CubeIDE.app/Contents/Eclipse/plugins/com.st.stm32cube.common.mx_6.10.0.202311202037//db//mcu/
2024-03-01 09:30:19,912 [INFO] ApiDb:274 - Set plugin database path to: /Applications/STM32CubeIDE.app/Contents/Eclipse/plugins/com.st.stm32cube.common.mx_6.10.0.202311202037//db//plugins/boardmanager/
2024-03-01 09:30:19,913 [INFO] ApiDb:261 - Set plugin images path to: /Applications/STM32CubeIDE.app/Contents/Eclipse/plugins/com.st.stm32cube.common.mx_6.10.0.202311202037//db//plugins/mcufinder/images/
2024-03-01 09:30:19,914 [WARN] DbFile:41 - Overriding database path with different value: /Users/robert/.stmcufinder/plugins/mcufinder/ => /Users/robert/.stmcufinder/plugins/mcufinder
2024-03-01 09:30:19,914 [INFO] ApiDb:250 - Set database path to: /Users/robert/.stmcufinder/plugins/mcufinder//mcu/
2024-03-01 09:30:19,914 [WARN] DbFile:41 - Overriding database path with different value: /Users/robert/.stmcufinder/plugins/mcufinder/ => /Users/robert/.stmcufinder/plugins/mcufinder
2024-03-01 09:30:19,914 [INFO] DbMcusAds:125 - Set database path to: /Users/robert/.stmcufinder/plugins/mcufinder//mcu/
2024-03-01 09:30:19,914 [WARN] DbFile:41 - Overriding database path with different value: /Users/robert/.stmcufinder/plugins/mcufinder/ => /Users/robert/.stmcufinder/plugins/mcufinder
2024-03-01 09:30:19,914 [WARN] DbFile:41 - Overriding database path with different value: /Users/robert/.stmcufinder/plugins/mcufinder/ => /Users/robert/.stmcufinder/plugins/mcufinder
2024-03-01 09:30:19,914 [INFO] CrossReferenceDbSqlite:203 - Set database path to: /Users/robert/.stmcufinder/plugins/mcufinder//mcu/cs/
2024-03-01 09:30:19,990 [INFO] MainPanel:264 - HeapMemory: 268435456
2024-03-01 09:30:20,051 [INFO] DbMcusXml:78 - Set database path to: /Applications/STM32CubeIDE.app/Contents/Eclipse/plugins/com.st.stm32cube.common.mx_6.10.0.202311202037//db//mcu/
2024-03-01 09:30:20,051 [INFO] ApiDb:274 - Set plugin database path to: /Applications/STM32CubeIDE.app/Contents/Eclipse/plugins/com.st.stm32cube.common.mx_6.10.0.202311202037//db//plugins/boardmanager/
2024-03-01 09:30:20,051 [INFO] ApiDb:261 - Set plugin images path to: /Applications/STM32CubeIDE.app/Contents/Eclipse/plugins/com.st.stm32cube.common.mx_6.10.0.202311202037//db//plugins/mcufinder/images/
2024-03-01 09:30:20,051 [WARN] DbFile:41 - Overriding database path with different value: /Users/robert/.stmcufinder/plugins/mcufinder/ => /Users/robert/.stmcufinder/plugins/mcufinder
2024-03-01 09:30:20,051 [INFO] ApiDb:250 - Set database path to: /Users/robert/.stmcufinder/plugins/mcufinder//mcu/
2024-03-01 09:30:20,051 [WARN] DbFile:41 - Overriding database path with different value: /Users/robert/.stmcufinder/plugins/mcufinder/ => /Users/robert/.stmcufinder/plugins/mcufinder
2024-03-01 09:30:20,051 [INFO] DbMcusAds:125 - Set database path to: /Users/robert/.stmcufinder/plugins/mcufinder//mcu/
2024-03-01 09:30:20,051 [WARN] DbFile:41 - Overriding database path with different value: /Users/robert/.stmcufinder/plugins/mcufinder/ => /Users/robert/.stmcufinder/plugins/mcufinder
2024-03-01 09:30:20,051 [WARN] DbFile:41 - Overriding database path with different value: /Users/robert/.stmcufinder/plugins/mcufinder/ => /Users/robert/.stmcufinder/plugins/mcufinder
2024-03-01 09:30:20,051 [INFO] CrossReferenceDbSqlite:203 - Set database path to: /Users/robert/.stmcufinder/plugins/mcufinder//mcu/cs/
2024-03-01 09:30:20,068 [INFO] ApplicationProperties:184 - Using Application install path: /Applications/STM32CubeIDE.app/Contents/Eclipse/plugins/com.st.stm32cube.common.mx_6.10.0.202311202037
2024-03-01 09:30:20,069 [INFO] PluginManage:196 - Search for loadable plugins [exclusion list=, ]
2024-03-01 09:30:20,071 [INFO] PluginManage:310 - Check plugin analytics
2024-03-01 09:30:20,249 [INFO] AnalyticsPlugin:253 - Accepted Software Licenses: 
2024-03-01 09:30:20,249 [INFO] AnalyticsPlugin:255 - Accepted CMSIS Pack Licenses: 
2024-03-01 09:30:20,249 [INFO] AnalyticsPlugin:257 - Accepted Firmware Licenses: FW.L4.1.18.0
2024-03-01 09:30:20,258 [INFO] PluginManage:359 - Loaded plugin analytics (category:tool,tabindex:-1)
2024-03-01 09:30:20,258 [ERROR] ConfigurationRetriever:142 - IOException on connection: sw-center.st.com
2024-03-01 09:30:20,259 [ERROR] ConfigurationRetriever:142 - IOException on connection: sw-center.st.com
2024-03-01 09:30:20,260 [ERROR] ConfigurationRetriever:142 - IOException on connection: sw-center.st.com
2024-03-01 09:30:20,260 [INFO] PluginManage:310 - Check plugin cadmodel
2024-03-01 09:30:20,843 [INFO] CADModel:105 - Init CAD model plugin
2024-03-01 09:30:20,844 [INFO] PluginManage:359 - Loaded plugin cadmodel (category:power,tabindex:5)
2024-03-01 09:30:20,844 [INFO] PluginManage:310 - Check plugin clock
2024-03-01 09:30:20,860 [INFO] PluginManage:359 - Loaded plugin clock (category:base,tabindex:2)
2024-03-01 09:30:20,860 [INFO] PluginManage:310 - Check plugin ddr
2024-03-01 09:30:20,861 [INFO] PluginManage:359 - Loaded plugin ddr (category:tool,tabindex:6)
2024-03-01 09:30:20,861 [INFO] PluginManage:310 - Check plugin filemanager
2024-03-01 09:30:21,028 [ERROR] LogOutputStream:75 - [STDERR_REDIRECT] [Fatal Error] :2:10: DOCTYPE is disallowed when the feature "http://apache.org/xml/features/disallow-doctype-decl" set to true.
2024-03-01 09:30:21,032 [ERROR] LogOutputStream:75 - [STDERR_REDIRECT] 
2024-03-01 09:30:21,156 [INFO] PluginManage:359 - Loaded plugin filemanager (category:base,tabindex:10)
2024-03-01 09:30:21,157 [INFO] PluginManage:310 - Check plugin ipmanager
2024-03-01 09:30:21,165 [INFO] PluginManage:359 - Loaded plugin ipmanager (category:base,tabindex:5)
2024-03-01 09:30:21,165 [INFO] PluginManage:310 - Check plugin lpbam
2024-03-01 09:30:21,176 [INFO] PluginManage:359 - Loaded plugin lpbam (category:base,tabindex:0)
2024-03-01 09:30:21,176 [INFO] PluginManage:310 - Check plugin memorymap
2024-03-01 09:30:21,185 [INFO] PluginManage:359 - Loaded plugin memorymap (category:base,tabindex:4)
2024-03-01 09:30:21,185 [INFO] PluginManage:310 - Check plugin pinoutandconfiguration
2024-03-01 09:30:21,189 [INFO] PluginManage:359 - Loaded plugin pinoutandconfiguration (category:base,tabindex:1)
2024-03-01 09:30:21,189 [INFO] PluginManage:310 - Check plugin pinoutconfig
2024-03-01 09:30:21,253 [WARN] SupportedApi:132 - Cannot load RTOS API schema: s4s-elt-must-match.1: The content of 'definitions' must match (annotation?, (simpleType | complexType)?, (unique | key | keyref)*)). A problem was found starting at: attribute.
2024-03-01 09:30:21,390 [INFO] PluginManage:359 - Loaded plugin pinoutconfig (category:base,tabindex:0)
2024-03-01 09:30:21,390 [INFO] PluginManage:310 - Check plugin power
2024-03-01 09:30:21,403 [INFO] PluginManage:359 - Loaded plugin power (category:power,tabindex:4)
2024-03-01 09:30:21,403 [INFO] PluginManage:310 - Check plugin projectmanager
2024-03-01 09:30:21,431 [INFO] PluginManage:359 - Loaded plugin projectmanager (category:projectmanager,tabindex:3)
2024-03-01 09:30:21,431 [INFO] PluginManage:310 - Check plugin thirdparty
2024-03-01 09:30:21,557 [INFO] PluginManage:359 - Loaded plugin thirdparty (category:base,tabindex:-1)
2024-03-01 09:30:21,557 [WARN] IntegrityCheckThread:84 - waiting for thirdparty lock release [integrity check]
2024-03-01 09:30:21,558 [INFO] IntegrityCheckThread:86 - entering critical section [integrity check]
2024-03-01 09:30:21,558 [INFO] PluginManage:310 - Check plugin tools
2024-03-01 09:30:21,559 [INFO] ThirdPartyUpdaterWithRetryManager:70 - Updater plugin not ready yet. [1/15]
2024-03-01 09:30:21,563 [INFO] PluginManage:359 - Loaded plugin tools (category:base,tabindex:7)
2024-03-01 09:30:21,563 [INFO] PluginManage:310 - Check plugin tutovideos
2024-03-01 09:30:21,692 [INFO] PluginManage:359 - Loaded plugin tutovideos (category:base,tabindex:-1)
2024-03-01 09:30:21,692 [INFO] PluginManage:310 - Check plugin updater
2024-03-01 09:30:21,705 [INFO] PluginManage:359 - Loaded plugin updater (category:base,tabindex:12)
2024-03-01 09:30:21,705 [INFO] PluginManage:310 - Check plugin userauth
2024-03-01 09:30:21,710 [INFO] UserAuth:114 - Init User Auth plugin
2024-03-01 09:30:21,710 [INFO] PluginManage:359 - Loaded plugin userauth (category:base,tabindex:14)
2024-03-01 09:30:21,711 [INFO] PluginManage:283 - PluginManage : Loaded plugins [17]
2024-03-01 09:30:21,910 [INFO] PinOutPanel:1499 - setPackage(No Configuration,No Configuration)
2024-03-01 09:30:21,964 [INFO] CADModel:165 - CPN selected for project level
2024-03-01 09:30:21,965 [INFO] CADModel:114 - Register for checkConnection events
2024-03-01 09:30:21,973 [INFO] IPUIPlugin:80 - create IPUIPlugin
2024-03-01 09:30:21,973 [INFO] PluginManager:220 - loadIPPluginJar : add mdma
2024-03-01 09:30:21,977 [INFO] IPUIPlugin:80 - create IPUIPlugin
2024-03-01 09:30:21,977 [INFO] PluginManager:220 - loadIPPluginJar : add freertos
2024-03-01 09:30:21,980 [INFO] IPUIPlugin:80 - create IPUIPlugin
2024-03-01 09:30:21,980 [INFO] PluginManager:220 - loadIPPluginJar : add gic
2024-03-01 09:30:21,985 [INFO] IPUIPlugin:80 - create IPUIPlugin
2024-03-01 09:30:21,985 [INFO] PluginManager:220 - loadIPPluginJar : add adc
2024-03-01 09:30:21,986 [INFO] IPUIPlugin:80 - create IPUIPlugin
2024-03-01 09:30:21,986 [INFO] PluginManager:220 - loadIPPluginJar : add gtzc
2024-03-01 09:30:21,987 [INFO] IPUIPlugin:80 - create IPUIPlugin
2024-03-01 09:30:21,987 [INFO] PluginManager:220 - loadIPPluginJar : add quadspi
2024-03-01 09:30:21,991 [INFO] IPUIPlugin:80 - create IPUIPlugin
2024-03-01 09:30:21,991 [INFO] PluginManager:220 - loadIPPluginJar : add aes
2024-03-01 09:30:21,993 [INFO] IPUIPlugin:80 - create IPUIPlugin
2024-03-01 09:30:21,993 [INFO] PluginManager:220 - loadIPPluginJar : add pdm2pcm
2024-03-01 09:30:21,994 [INFO] IPUIPlugin:80 - create IPUIPlugin
2024-03-01 09:30:21,994 [INFO] PluginManager:220 - loadIPPluginJar : add hash
2024-03-01 09:30:21,995 [INFO] IPUIPlugin:80 - create IPUIPlugin
2024-03-01 09:30:21,995 [INFO] PluginManager:220 - loadIPPluginJar : add tim
2024-03-01 09:30:21,996 [INFO] IPUIPlugin:80 - create IPUIPlugin
2024-03-01 09:30:21,996 [INFO] PluginManager:220 - loadIPPluginJar : add tsc
2024-03-01 09:30:21,998 [INFO] IPUIPlugin:80 - create IPUIPlugin
2024-03-01 09:30:21,998 [INFO] PluginManager:220 - loadIPPluginJar : add ts
2024-03-01 09:30:22,000 [INFO] IPUIPlugin:80 - create IPUIPlugin
2024-03-01 09:30:22,000 [INFO] PluginManager:220 - loadIPPluginJar : add can
2024-03-01 09:30:22,001 [INFO] IPUIPlugin:80 - create IPUIPlugin
2024-03-01 09:30:22,001 [INFO] PluginManager:220 - loadIPPluginJar : add dma3
2024-03-01 09:30:22,001 [INFO] IPUIPlugin:80 - create IPUIPlugin
2024-03-01 09:30:22,002 [INFO] PluginManager:220 - loadIPPluginJar : add dfsdm
2024-03-01 09:30:22,002 [INFO] IPUIPlugin:80 - create IPUIPlugin
2024-03-01 09:30:22,002 [INFO] PluginManager:220 - loadIPPluginJar : add spi
2024-03-01 09:30:22,003 [INFO] IPUIPlugin:80 - create IPUIPlugin
2024-03-01 09:30:22,003 [INFO] PluginManager:220 - loadIPPluginJar : add gfxmmu
2024-03-01 09:30:22,005 [INFO] IPUIPlugin:80 - create IPUIPlugin
2024-03-01 09:30:22,005 [INFO] PluginManager:220 - loadIPPluginJar : add genericplugin
2024-03-01 09:30:22,006 [INFO] IPUIPlugin:80 - create IPUIPlugin
2024-03-01 09:30:22,006 [INFO] PluginManager:220 - loadIPPluginJar : add cryp
2024-03-01 09:30:22,008 [INFO] IPUIPlugin:80 - create IPUIPlugin
2024-03-01 09:30:22,008 [INFO] PluginManager:220 - loadIPPluginJar : add gpio
2024-03-01 09:30:22,009 [INFO] IPUIPlugin:80 - create IPUIPlugin
2024-03-01 09:30:22,010 [INFO] PluginManager:220 - loadIPPluginJar : add comp
2024-03-01 09:30:22,010 [INFO] IPUIPlugin:80 - create IPUIPlugin
2024-03-01 09:30:22,011 [INFO] PluginManager:220 - loadIPPluginJar : add tracer_emb
2024-03-01 09:30:22,012 [INFO] IPUIPlugin:80 - create IPUIPlugin
2024-03-01 09:30:22,012 [INFO] PluginManager:220 - loadIPPluginJar : add openamp
2024-03-01 09:30:22,014 [INFO] IPUIPlugin:80 - create IPUIPlugin
2024-03-01 09:30:22,015 [INFO] PluginManager:220 - loadIPPluginJar : add stm32_wpan
2024-03-01 09:30:22,017 [INFO] IPUIPlugin:80 - create IPUIPlugin
2024-03-01 09:30:22,019 [INFO] PluginManager:220 - loadIPPluginJar : add plateformsettings
2024-03-01 09:30:22,020 [INFO] IPUIPlugin:80 - create IPUIPlugin
2024-03-01 09:30:22,021 [INFO] PluginManager:220 - loadIPPluginJar : add ipddr
2024-03-01 09:30:22,022 [INFO] IPUIPlugin:80 - create IPUIPlugin
2024-03-01 09:30:22,022 [INFO] PluginManager:220 - loadIPPluginJar : add usart
2024-03-01 09:30:22,022 [INFO] IPUIPlugin:80 - create IPUIPlugin
2024-03-01 09:30:22,022 [INFO] PluginManager:220 - loadIPPluginJar : add ltdc
2024-03-01 09:30:22,025 [INFO] IPUIPlugin:80 - create IPUIPlugin
2024-03-01 09:30:22,025 [INFO] PluginManager:220 - loadIPPluginJar : add nvic
2024-03-01 09:30:22,026 [INFO] IPUIPlugin:80 - create IPUIPlugin
2024-03-01 09:30:22,026 [INFO] PluginManager:220 - loadIPPluginJar : add fatfs
2024-03-01 09:30:22,029 [INFO] IPUIPlugin:80 - create IPUIPlugin
2024-03-01 09:30:22,029 [INFO] PluginManager:220 - loadIPPluginJar : add linkedlist
2024-03-01 09:30:22,032 [INFO] IPUIPlugin:80 - create IPUIPlugin
2024-03-01 09:30:22,032 [INFO] PluginManager:220 - loadIPPluginJar : add dma
2024-03-01 09:30:22,033 [INFO] IPUIPlugin:80 - create IPUIPlugin
2024-03-01 09:30:22,033 [INFO] PluginManager:220 - loadIPPluginJar : add fmc
2024-03-01 09:30:22,034 [INFO] IPUIPlugin:80 - create IPUIPlugin
2024-03-01 09:30:22,034 [INFO] PluginManager:220 - loadIPPluginJar : add i2s
2024-03-01 09:30:22,035 [INFO] IPUIPlugin:80 - create IPUIPlugin
2024-03-01 09:30:22,035 [INFO] PluginManager:220 - loadIPPluginJar : add ucpd
2024-03-01 09:30:22,036 [INFO] IPUIPlugin:80 - create IPUIPlugin
2024-03-01 09:30:22,036 [INFO] PluginManager:220 - loadIPPluginJar : add lorawan
2024-03-01 09:30:22,037 [INFO] IPUIPlugin:80 - create IPUIPlugin
2024-03-01 09:30:22,037 [INFO] PluginManager:220 - loadIPPluginJar : add opamp
2024-03-01 09:30:22,038 [INFO] IPUIPlugin:80 - create IPUIPlugin
2024-03-01 09:30:22,038 [INFO] PluginManager:220 - loadIPPluginJar : add i3c
2024-03-01 09:30:22,040 [INFO] IPUIPlugin:80 - create IPUIPlugin
2024-03-01 09:30:22,040 [INFO] PluginManager:220 - loadIPPluginJar : add touchsensing
2024-03-01 09:30:22,041 [INFO] IPUIPlugin:80 - create IPUIPlugin
2024-03-01 09:30:22,041 [INFO] PluginManager:220 - loadIPPluginJar : add i2c
2024-03-01 09:30:22,043 [INFO] IPUIPlugin:80 - create IPUIPlugin
2024-03-01 09:30:22,043 [INFO] PluginManager:220 - loadIPPluginJar : add resmgrutility
2024-03-01 09:30:22,045 [INFO] IPUIPlugin:80 - create IPUIPlugin
2024-03-01 09:30:22,045 [INFO] PluginManager:220 - loadIPPluginJar : add sai
2024-03-01 09:30:22,046 [INFO] IPUIPlugin:80 - create IPUIPlugin
2024-03-01 09:30:22,046 [INFO] PluginManager:220 - loadIPPluginJar : add usbx
2024-03-01 09:30:22,163 [INFO] CADModel:165 - CPN selected for project level
2024-03-01 09:30:22,163 [INFO] CADModel:114 - Register for checkConnection events
2024-03-01 09:30:22,163 [FATAL] Updater:308 - Updater called before beeing initialized
2024-03-01 09:30:22,163 [ERROR] CADModel:125 - Updater not yet initialized, retry later 
2024-03-01 09:30:22,391 [INFO] CADModel:165 - CPN selected for project level
2024-03-01 09:30:22,392 [INFO] CADModel:114 - Register for checkConnection events
2024-03-01 09:30:22,392 [FATAL] Updater:308 - Updater called before beeing initialized
2024-03-01 09:30:22,392 [ERROR] CADModel:125 - Updater not yet initialized, retry later 
2024-03-01 09:30:22,394 [FATAL] Updater:308 - Updater called before beeing initialized
2024-03-01 09:30:22,623 [FATAL] Updater:308 - Updater called before beeing initialized
2024-03-01 09:30:22,630 [INFO] DbMcusAds:53 - JSON generation date=Wed Nov 29 11:52:27 CET 2023 (1701255147200)
2024-03-01 09:30:22,630 [FATAL] Updater:308 - Updater called before beeing initialized
2024-03-01 09:30:22,766 [WARN] DetailPanel:346 - Failed to get advertising image, set to default
2024-03-01 09:30:22,831 [FATAL] Updater:308 - Updater called before beeing initialized
2024-03-01 09:30:22,832 [FATAL] Updater:308 - Updater called before beeing initialized
2024-03-01 09:30:22,833 [FATAL] Updater:308 - Updater called before beeing initialized
2024-03-01 09:30:22,833 [WARN] DetailPanel:346 - Failed to get advertising image, set to default
2024-03-01 09:30:22,836 [FATAL] Updater:308 - Updater called before beeing initialized
2024-03-01 09:30:22,903 [ERROR] Updater:1120 - MainUpdater not yet initialized. External WinMGr cannot be set.
2024-03-01 09:30:22,940 [INFO] Updater:1056 - Updater Version found : 6.10.0
2024-03-01 09:30:22,952 [INFO] ApplicationProperties:184 - Using Application install path: /Applications/STM32CubeIDE.app/Contents/Eclipse/plugins/com.st.stm32cube.common.mx_6.10.0.202311202037
2024-03-01 09:30:23,182 [INFO] MainUpdater:2873 - connection check result : 22
2024-03-01 09:30:23,185 [INFO] MainUpdater:290 - Updater Check For Update Now.
2024-03-01 09:30:23,185 [INFO] MicroXplorer:498 - Change Database Version : DB.6.0.100
2024-03-01 09:30:23,191 [INFO] McuFinderGlobals:63 - Set McuFinder mode to 2 (CubeIDE integrated)
2024-03-01 09:30:23,291 [INFO] UserAuth:404 - Internet connection configuration mode: 2
2024-03-01 09:30:23,461 [INFO] CheckServerUpdateThread:120 - End of CheckServer Thread
2024-03-01 09:30:24,677 [WARN] PackLoader:240 - Cannot read IP mode file for STMicroelectronics.X-CUBE-SMBUS.2.1.0
2024-03-01 09:30:24,696 [WARN] PackLoader:240 - Cannot read IP mode file for STMicroelectronics.X-CUBE-TOUCHGFX.4.23.0
2024-03-01 09:30:24,742 [WARN] PackLoader:240 - Cannot read IP mode file for STMicroelectronics.X-CUBE-AZRTOS-F7.1.1.0
2024-03-01 09:30:24,773 [WARN] PackLoader:240 - Cannot read IP mode file for STMicroelectronics.FP-SNS-MOTENV1.4.3.2
2024-03-01 09:30:24,792 [WARN] PackLoader:240 - Cannot read IP mode file for STMicroelectronics.FP-SNS-FLIGHT1.5.0.2
2024-03-01 09:30:24,816 [WARN] PackLoader:240 - Cannot read IP mode file for STMicroelectronics.X-CUBE-DISPLAY.3.0.0
2024-03-01 09:30:24,843 [WARN] PackLoader:240 - Cannot read IP mode file for STMicroelectronics.X-CUBE-BLE1.7.0.0
2024-03-01 09:30:24,867 [WARN] PackLoader:240 - Cannot read IP mode file for emotas.I-CUBE-CANOPEN.1.3.0
2024-03-01 09:30:24,893 [WARN] PackLoader:240 - Cannot read IP mode file for STMicroelectronics.FP-SNS-SMARTAG2.1.2.0
2024-03-01 09:30:24,921 [INFO] LogOutputStream:77 - [STDOUT_REDIRECT] 1 : Invalid condition id : UX_CORESTACK_Condition cause : null
2024-03-01 09:30:24,924 [INFO] LogOutputStream:77 - [STDOUT_REDIRECT] 1 : Invalid condition id : UX_CORESTACK_Condition cause : null
2024-03-01 09:30:24,926 [INFO] LogOutputStream:77 - [STDOUT_REDIRECT] 1 : Invalid condition id : UX_CORESTACK_Condition cause : null
2024-03-01 09:30:24,926 [INFO] LogOutputStream:77 - [STDOUT_REDIRECT] 1 : Invalid condition id : UX_CORESTACK_Condition cause : null
2024-03-01 09:30:24,927 [INFO] LogOutputStream:77 - [STDOUT_REDIRECT] 1 : Invalid condition id : UX_CORESTACK_Condition cause : null
2024-03-01 09:30:24,937 [WARN] PackLoader:240 - Cannot read IP mode file for STMicroelectronics.X-CUBE-AZRTOS-WL.2.0.0
2024-03-01 09:30:24,963 [WARN] PackLoader:240 - Cannot read IP mode file for WES.I-CUBE-Cesium.1.3.0
2024-03-01 09:30:24,974 [WARN] PackLoader:240 - Cannot read IP mode file for STMicroelectronics.X-CUBE-BLE2.3.3.0
2024-03-01 09:30:24,991 [WARN] PackLoader:240 - Cannot read IP mode file for STMicroelectronics.X-CUBE-ALGOBUILD.1.3.0
2024-03-01 09:30:25,022 [WARN] PackLoader:240 - Cannot read IP mode file for STMicroelectronics.X-CUBE-AZRTOS-G0.1.1.0
2024-03-01 09:30:25,039 [WARN] PackLoader:240 - Cannot read IP mode file for STMicroelectronics.X-CUBE-NFC4.3.0.0
2024-03-01 09:30:25,080 [WARN] PackLoader:240 - Cannot read IP mode file for STMicroelectronics.X-CUBE-BLEMGR.3.0.0
2024-03-01 09:30:25,098 [WARN] PackLoader:240 - Cannot read IP mode file for STMicroelectronics.FP-ATR-SIGFOX1.3.2.0
2024-03-01 09:30:25,106 [WARN] PackLoader:240 - Cannot read IP mode file for STMicroelectronics.X-CUBE-EEPRMA1.5.1.0
2024-03-01 09:30:25,182 [WARN] PackLoader:240 - Cannot read IP mode file for SEGGER.I-CUBE-embOS.1.3.1
2024-03-01 09:30:25,260 [WARN] PackLoader:240 - Cannot read IP mode file for STMicroelectronics.X-CUBE-GNSS1.6.0.0
2024-03-01 09:30:25,297 [WARN] PackLoader:240 - Cannot read IP mode file for STMicroelectronics.X-CUBE-AZRTOS-F4.1.1.0
2024-03-01 09:30:25,311 [WARN] PackLoader:240 - Cannot read IP mode file for wolfSSL.I-CUBE-wolfSSL.5.6.6
2024-03-01 09:30:25,338 [WARN] PackLoader:240 - Cannot read IP mode file for STMicroelectronics.X-CUBE-AZRTOS-L5.2.0.0
2024-03-01 09:30:25,346 [WARN] PackLoader:240 - Cannot read IP mode file for ITTIA_DB.I-CUBE-ITTIADB.8.8.0
2024-03-01 09:30:25,356 [WARN] PackLoader:240 - Cannot read IP mode file for STMicroelectronics.X-CUBE-NFC7.1.0.1
2024-03-01 09:30:25,376 [WARN] PackLoader:240 - Cannot read IP mode file for STMicroelectronics.X-CUBE-NFC6.3.0.0
2024-03-01 09:30:25,390 [WARN] PackLoader:240 - Cannot read IP mode file for STMicroelectronics.X-CUBE-AI.8.1.0
2024-03-01 09:30:25,432 [WARN] ConditionMgr:438 - getConditionDescription Invalid condition id : LAN8742 Phy interface Condition cause : null
2024-03-01 09:30:25,433 [WARN] PackLoader:240 - Cannot read IP mode file for STMicroelectronics.X-CUBE-AZRTOS-L4.2.0.0
2024-03-01 09:30:25,437 [WARN] ConditionMgr:1039 - genDependencies : Invalid condition id : LAN8742 Phy interface Condition cause : null
2024-03-01 09:30:25,438 [WARN] ConditionMgr:1039 - genDependencies : Invalid condition id : LAN8742 Phy interface Condition cause : null
2024-03-01 09:30:25,443 [WARN] ConditionMgr:1039 - genDependencies : Invalid condition id : LAN8742 Phy interface Condition cause : null
2024-03-01 09:30:25,465 [WARN] PackLoader:240 - Cannot read IP mode file for STMicroelectronics.X-CUBE-SFXS2LP1.4.0.0
2024-03-01 09:30:25,488 [WARN] ConditionMgr:438 - getConditionDescription Invalid condition id : UX DEVICE CLASS RTOS Condition cause : null
2024-03-01 09:30:25,488 [WARN] ConditionMgr:438 - getConditionDescription Invalid condition id : UX DEVICE CLASS RTOS Condition cause : null
2024-03-01 09:30:25,491 [WARN] PackLoader:240 - Cannot read IP mode file for STMicroelectronics.X-CUBE-AZRTOS-WB.2.0.0
2024-03-01 09:30:25,492 [WARN] ConditionMgr:1039 - genDependencies : Invalid condition id : UX DEVICE CLASS RTOS Condition cause : null
2024-03-01 09:30:25,492 [WARN] ConditionMgr:1039 - genDependencies : Invalid condition id : UX DEVICE CLASS RTOS Condition cause : null
2024-03-01 09:30:25,493 [WARN] ConditionMgr:1039 - genDependencies : Invalid condition id : UX DEVICE CLASS RTOS Condition cause : null
2024-03-01 09:30:25,493 [WARN] ConditionMgr:1039 - genDependencies : Invalid condition id : UX DEVICE CLASS RTOS Condition cause : null
2024-03-01 09:30:25,494 [WARN] ConditionMgr:1039 - genDependencies : Invalid condition id : UX DEVICE CLASS RTOS Condition cause : null
2024-03-01 09:30:25,506 [WARN] PackLoader:240 - Cannot read IP mode file for STMicroelectronics.X-CUBE-SUBG2.5.0.0
2024-03-01 09:30:25,538 [WARN] PackLoader:240 - Cannot read IP mode file for STMicroelectronics.X-CUBE-AZRTOS-G4.2.0.0
2024-03-01 09:30:25,566 [WARN] PackLoader:240 - Cannot read IP mode file for Infineon.AIROC-Wi-Fi-Bluetooth-STM32.1.5.1
2024-03-01 09:30:25,584 [WARN] PackLoader:240 - Cannot read IP mode file for STMicroelectronics.FP-SNS-MOTENVWB1.1.3.1
2024-03-01 09:30:25,590 [WARN] PackLoader:240 - Cannot read IP mode file for STMicroelectronics.X-CUBE-ISPU.2.0.0
2024-03-01 09:30:25,689 [WARN] PackLoader:240 - Cannot read IP mode file for STMicroelectronics.X-CUBE-MEMS1.10.0.0
2024-03-01 09:30:25,834 [WARN] PackLoader:240 - Cannot read IP mode file for STMicroelectronics.X-CUBE-FREERTOS.1.1.0
2024-03-01 09:30:25,896 [WARN] PackLoader:240 - Cannot read IP mode file for portGmbH.I-Cube-SoM-uGOAL.1.1.0
2024-03-01 09:30:25,922 [WARN] PackLoader:240 - Cannot read IP mode file for STMicroelectronics.X-CUBE-ALS.1.0.1
2024-03-01 09:30:25,926 [WARN] PackLoader:240 - Cannot read IP mode file for STMicroelectronics.FP-ATR-ASTRA1.2.0.0
2024-03-01 09:30:25,939 [WARN] PackLoader:240 - Cannot read IP mode file for STMicroelectronics.X-CUBE-TOF1.3.4.0
2024-03-01 09:30:25,974 [WARN] PackLoader:240 - Cannot read IP mode file for STMicroelectronics.X-CUBE-AZRTOS-H7.3.2.0
2024-03-01 09:30:25,985 [INFO] ThirdParty:978 - Integrity check success = true
2024-03-01 09:30:25,985 [INFO] IntegrityCheckThread:100 - exiting critical section [integrity check]
2024-03-01 09:30:25,985 [INFO] IntegrityCheckThread:103 - End integrity checks thread
2024-03-01 09:30:43,910 [ERROR] LogOutputStream:75 - [STDERR_REDIRECT] SLF4J: Failed to load class "org.slf4j.impl.StaticLoggerBinder".
2024-03-01 09:30:43,912 [ERROR] LogOutputStream:75 - [STDERR_REDIRECT] SLF4J: Defaulting to no-operation (NOP) logger implementation
2024-03-01 09:30:43,912 [ERROR] LogOutputStream:75 - [STDERR_REDIRECT] SLF4J: See http://www.slf4j.org/codes.html#StaticLoggerBinder for further details.
2024-03-01 09:31:31,483 [INFO] McuFinderGlobals:63 - Set McuFinder mode to 2 (CubeIDE integrated)
2024-03-01 09:31:31,553 [INFO] MainUpdater:2873 - connection check result : 22
2024-03-01 09:31:31,567 [INFO] MainUpdater:2873 - connection check result : 22
2024-03-01 09:31:40,220 [INFO] MicroXplorer:468 - Change Database Path : 
2024-03-01 09:31:40,221 [INFO] MicroXplorer:498 - Change Database Version : DB.6.0.100
2024-03-01 09:31:40,225 [WARN] ThirdParty:871 - waiting for thirdparty lock release [close project]
2024-03-01 09:31:40,225 [INFO] ThirdParty:873 - entering critical section [close project]
2024-03-01 09:31:40,229 [INFO] ThirdParty:883 - exiting critical section [close project]
2024-03-01 09:31:40,232 [INFO] PinOutPanel:1499 - setPackage(No Configuration,No Configuration)
2024-03-01 09:31:40,238 [INFO] UtilMem:75 - Begin LoadConfig() Used Memory: 166774200 Bytes (316669952)
2024-03-01 09:31:40,239 [INFO] MicroXplorer:468 - Change Database Path : 
2024-03-01 09:31:40,239 [INFO] MicroXplorer:498 - Change Database Version : DB.6.0.100
2024-03-01 09:31:40,240 [INFO] OpenFileManager:312 - Change cursor
2024-03-01 09:31:40,309 [INFO] Mcu:2016 - Initializing MCU STM32L476R(C-E-G)Tx STM32L476RGTx STM32L476RGT3
2024-03-01 09:31:42,639 [INFO] Context:659 - Trying to add GPIOservice into a context  which must be forbidden
2024-03-01 09:31:43,584 [INFO] RtosManager:555 - Registered RTOS mode: class=CMSIS, group=RTOS, mode=CMSIS_V1, owner=FREERTOS
2024-03-01 09:31:43,586 [INFO] RtosManager:555 - Registered RTOS mode: class=CMSIS, group=RTOS2, mode=CMSIS_V2, owner=FREERTOS
2024-03-01 09:31:43,586 [INFO] RtosManager:555 - Registered RTOS mode: class=RTOS, group=Core, mode=CMSIS_V1, owner=FREERTOS
2024-03-01 09:31:43,586 [INFO] RtosManager:555 - Registered RTOS mode: class=RTOS, group=Core, mode=CMSIS_V2, owner=FREERTOS
2024-03-01 09:31:43,587 [WARN] ModelIntegratedComponent:184 - Missing modes for component STMicroelectronics:FreeRTOS:0.0.1:STMicroelectronics:RTOS:FreeRTOS:Core:::10.2.0:
2024-03-01 09:31:43,618 [WARN] ModelIntegratedComponent:63 - No mode defined for component null
2024-03-01 09:31:43,618 [WARN] ModelIntegratedComponent:63 - No mode defined for component null
2024-03-01 09:31:43,618 [WARN] ModelIntegratedComponent:63 - No mode defined for component null
2024-03-01 09:31:43,618 [WARN] ModelIntegratedComponent:63 - No mode defined for component null
2024-03-01 09:31:43,618 [WARN] ModelIntegratedComponent:63 - No mode defined for component null
2024-03-01 09:31:43,618 [WARN] ModelIntegratedComponent:63 - No mode defined for component null
2024-03-01 09:31:43,618 [WARN] ModelIntegratedComponent:63 - No mode defined for component null
2024-03-01 09:31:43,618 [WARN] ModelIntegratedComponent:63 - No mode defined for component null
2024-03-01 09:31:43,618 [WARN] ModelIntegratedComponent:63 - No mode defined for component null
2024-03-01 09:31:43,618 [WARN] ModelIntegratedComponent:63 - No mode defined for component null
2024-03-01 09:31:43,618 [WARN] ModelIntegratedComponent:63 - No mode defined for component null
2024-03-01 09:31:43,618 [WARN] ModelIntegratedComponent:63 - No mode defined for component null
2024-03-01 09:31:43,618 [WARN] ModelIntegratedComponent:63 - No mode defined for component null
2024-03-01 09:31:43,618 [WARN] ModelIntegratedComponent:63 - No mode defined for component null
2024-03-01 09:31:43,618 [WARN] ModelIntegratedComponent:63 - No mode defined for component null
2024-03-01 09:31:43,618 [WARN] ModelIntegratedComponent:63 - No mode defined for component null
2024-03-01 09:31:43,618 [WARN] ModelIntegratedComponent:63 - No mode defined for component null
2024-03-01 09:31:43,618 [WARN] ModelIntegratedComponent:63 - No mode defined for component null
2024-03-01 09:31:43,618 [WARN] ModelIntegratedComponent:63 - No mode defined for component null
2024-03-01 09:31:43,618 [WARN] ModelIntegratedComponent:63 - No mode defined for component null
2024-03-01 09:31:43,619 [WARN] ModelIntegratedComponent:63 - No mode defined for component null
2024-03-01 09:31:43,619 [WARN] ModelIntegratedComponent:63 - No mode defined for component null
2024-03-01 09:31:43,619 [WARN] ModelIntegratedComponent:63 - No mode defined for component null
2024-03-01 09:31:43,619 [WARN] ModelIntegratedComponent:63 - No mode defined for component null
2024-03-01 09:31:43,619 [WARN] ModelIntegratedComponent:63 - No mode defined for component null
2024-03-01 09:31:43,619 [WARN] ModelIntegratedComponent:63 - No mode defined for component null
2024-03-01 09:31:43,619 [WARN] ModelIntegratedComponent:63 - No mode defined for component null
2024-03-01 09:31:43,619 [WARN] ModelIntegratedComponent:63 - No mode defined for component null
2024-03-01 09:31:43,619 [WARN] ModelIntegratedComponent:63 - No mode defined for component null
2024-03-01 09:31:43,619 [WARN] ModelIntegratedComponent:63 - No mode defined for component null
2024-03-01 09:31:43,619 [WARN] ModelIntegratedComponent:63 - No mode defined for component null
2024-03-01 09:31:43,619 [WARN] ModelIntegratedComponent:63 - No mode defined for component null
2024-03-01 09:31:43,619 [WARN] ModelIntegratedComponent:63 - No mode defined for component null
2024-03-01 09:31:43,875 [INFO] ThirdPartyModel:298 - Start build external matchings
2024-03-01 09:31:44,107 [INFO] ThirdPartyModel:316 - End build external matchings
2024-03-01 09:31:44,161 [INFO] ImportTextPane:194 - (OptionalMessage_ERROR) IP (RCC) : Invalid parameter (FamilyName)
2024-03-01 09:31:44,168 [INFO] ImportTextPane:194 - (OptionalMessage_ERROR) IP (RCC) : Parameter (RNGFreq_Value) has invalid value (64000000)
2024-03-01 09:31:44,168 [INFO] ImportTextPane:194 - (OptionalMessage_ERROR) IP (RCC) : Parameter (SDMMCFreq_Value) has invalid value (64000000)
2024-03-01 09:31:44,168 [INFO] ImportTextPane:194 - (OptionalMessage_ERROR) IP (RCC) : Parameter (USBFreq_Value) has invalid value (64000000)
2024-03-01 09:31:44,471 [INFO] UtilMem:75 - End LoadConfig() Used Memory: 260335880 Bytes (485490688)
2024-03-01 09:31:44,783 [INFO] ApiDb:581 - Connected to CubeFinder SQLite database (/Users/robert/.stmcufinder/plugins/mcufinder/mcu/cube-finder-db.db)
2024-03-01 09:31:44,820 [INFO] ApiDb:668 - CubeFinder database Data Model version=2.1
2024-03-01 09:31:44,820 [INFO] ApiDb:669 - CubeFinder database Configuration version=3.0.39
2024-03-01 09:31:44,821 [INFO] ApiDb:670 - CubeFinder database generation date=2024-01-11 (1704964531)
2024-03-01 09:31:44,821 [INFO] ApiDb:671 - CubeFinder database FW Pack versions=[FP-ATR-ASTRA1_V2.0.0, FP-SNS-FLIGHT1_V5.0.1, FP-SNS-FLIGHT1_V5.0.2, FP-SNS-MOTENV1_V4.3.1, FP-SNS-MOTENV1_V4.3.2, FP-SNS-MOTENVWB1_V1.3.1, FP-SNS-SMARTAG2_V1.2.0, STM32Cube_FW_C0_V1.1.0, STM32Cube_FW_F4_V1.28.0, STM32Cube_FW_F7_V1.17.0, STM32Cube_FW_G0_V1.6.2, STM32Cube_FW_G4_V1.5.2, STM32Cube_FW_H5_V0.5.1, STM32Cube_FW_H5_V1.1.1, STM32Cube_FW_H5_V1.2.0RC2, STM32Cube_FW_H7_V1.11.0, STM32Cube_FW_L0_V1.12.2, STM32Cube_FW_L5_V1.5.0, STM32Cube_FW_U5_V1.3.0RC4, STM32Cube_FW_U5_V1.4.0, STM32Cube_FW_WBA_V1.0.0RC1, STM32Cube_FW_WBA_V1.1.0RC1, STM32Cube_FW_WBA_V1.2.0, STM32Cube_FW_WBA_V1.2.0RC2, STM32Cube_FW_WB_V1.15.0RC1, STM32Cube_FW_WB_V1.16.0, STM32Cube_FW_WB_V1.16.0RC2, STM32Cube_FW_WB_V1.18.0, STM32Cube_FW_WL_V1.3.0, X-CUBE-ALGOBUILD_V1.3.0, X-CUBE-ALS_V1.0.1, X-CUBE-AZRTOS-F4_V1.1.0, X-CUBE-AZRTOS-F7_V1.1.0, X-CUBE-AZRTOS-G0_V1.1.0, X-CUBE-AZRTOS-G4_V2.0.0, X-CUBE-AZRTOS-H7_V3.2.0, X-CUBE-AZRTOS-L4_V1.0.0, X-CUBE-AZRTOS-L4_V2.0.0, X-CUBE-AZRTOS-L5_V1.1.0, X-CUBE-AZRTOS-WB_V2.0.0, X-CUBE-AZRTOS-WL_V2.0.0, X-CUBE-BLE1_V7.0.0, X-CUBE-BLE2_V3.3.0, X-CUBE-BLEMGR_V3.0.0, X-CUBE-EEPRMA1_V4.1.0, X-CUBE-EEPRMA1_V4.2.0, X-CUBE-FREERTOS_V1.1.0, X-CUBE-GNSS1_V6.0.0, X-CUBE-MEMS1_V10.0.0, X-CUBE-MEMS1_V9.1.0, X-CUBE-MEMS1_V9.4.0, X-CUBE-MEMS1_V9.6.0, X-CUBE-NFC4_V3.0.0, X-CUBE-NFC7_V1.0.1, X-CUBE-SFXS2LP1_V4.0.0, X-CUBE-SUBG2_V5.0.0, X-CUBE-TOF1_V3.4.0]
2024-03-01 09:31:45,867 [INFO] ApiDb:240 - Found 371 in-development CPN: [B-G473E-ZEST1S, B-WB1M-WPAN1, B-WL5M-SUBG1, NUCLEO-C031C6, NUCLEO-H503RB, NUCLEO-H563ZI, NUCLEO-U545RE-Q, NUCLEO-U5A5ZJ-Q, NUCLEO-WBA52CG, NUCLEO-WBA55CG, STEVAL-MKBOXPRO, STEVAL-PROTEUS1, STEVAL-STWINBX1, STM320518-EVAL, STM32C0116-DK, STM32C011D6Y3TR, STM32C011D6Y6TR, STM32C011F4P3, STM32C011F4P6, STM32C011F4U3, STM32C011F4U6TR, STM32C011F6P3, STM32C011F6P6, STM32C011F6U3, STM32C011F6U6TR, STM32C011J4M3, STM32C011J4M6, STM32C011J6M3, STM32C011J6M6, STM32C0316-DK, STM32C031C4T3, STM32C031C4T6, STM32C031C4U3, STM32C031C4U6, STM32C031C6T3, STM32C031C6T6, STM32C031C6U3, STM32C031C6U6, STM32C031F4P3, STM32C031F4P6, STM32C031F6P3, STM32C031F6P6, STM32C031G4U3, STM32C031G4U6, STM32C031G6U3, STM32C031G6U6, STM32C031K4T3, STM32C031K4T6, STM32C031K4U3, STM32C031K4U6, STM32C031K6T3, STM32C031K6T6, STM32C031K6U3, STM32C031K6U6, STM32G071K8TXN, STM32G071K8UXN, STM32G081GBU6N, STM32G081KBT6N, STM32G081KBUXN, STM32G0B1CCT6N, STM32G0B1KCT6, STM32G0B1NEY6TR, STM32G0B1RCT6N, STM32G0C1CCT6, STM32G0C1CCT6N, STM32G0C1CCU6N, STM32G0C1CET6N, STM32G0C1CEU6N, STM32G0C1KCT6, STM32G0C1NEY6TR, STM32G0C1RCI6N, STM32G0C1RCT6N, STM32G0C1REI6N, STM32G0C1RET6N, STM32G0C1VCI6, STM32G0C1VEI6, STM32G471CCT6, STM32G471CCU6, STM32G471CET3, STM32G471CET6, STM32G471CEU3, STM32G471CEU6, STM32G471MCT6, STM32G471MET3, STM32G471MET6, STM32G471MEY6TR, STM32G471QCT6, STM32G471QET3, STM32G471RCT6, STM32G471RET3, STM32G471RET6, STM32G471VCH6, STM32G471VCI6, STM32G471VCT6, STM32G471VEH3, STM32G471VEH6, STM32G471VEI3, STM32G471VEI6, STM32G471VET3, STM32G471VET6, STM32G474CCT6, STM32H503CBT6, STM32H503CBU6, STM32H503EBY6TR, STM32H503KBU6, STM32H503RBT6, STM32H562AGI6, STM32H562AII6, STM32H562IGK6, STM32H562IGT6, STM32H562IIK6, STM32H562IIT6, STM32H562RGT6, STM32H562RGV6, STM32H562RIT6, STM32H562RIV6, STM32H562VGT6, STM32H562VIT6, STM32H562ZGT6, STM32H562ZIT6, STM32H563AGI6, STM32H563AII3Q, STM32H563AII6, STM32H563IGK6, STM32H563IGT6, STM32H563IIK3Q, STM32H563IIK6, STM32H563IIT3Q, STM32H563IIT6, STM32H563MIY3QTR, STM32H563RGT6, STM32H563RGV6, STM32H563RIT6, STM32H563RIV6, STM32H563VGT6, STM32H563VIT3Q, STM32H563VIT6, STM32H563ZGT6, STM32H563ZIT3Q, STM32H563ZIT6, STM32H573AII3Q, STM32H573AII6, STM32H573I-DK, STM32H573IIK3Q, STM32H573IIK6, STM32H573IIT3Q, STM32H573IIT6, STM32H573MIY3QTR, STM32H573RIT6, STM32H573RIV6, STM32H573VIT3Q, STM32H573VIT6, STM32H573ZIT3Q, STM32H573ZIT6, STM32L4R5QGI6STR, STM32MP131AAE3, STM32MP131AAF3, STM32MP131AAG3, STM32MP131CAE3, STM32MP131CAF3, STM32MP131CAG3, STM32MP131DAE7, STM32MP131DAF7, STM32MP131DAG7, STM32MP131FAE7, STM32MP131FAF7, STM32MP131FAG7, STM32MP133AAE3, STM32MP133AAF3, STM32MP133AAG3, STM32MP133CAE3, STM32MP133CAF3, STM32MP133CAG3, STM32MP133DAE7, STM32MP133DAF7, STM32MP133DAG7, STM32MP133FAE7, STM32MP133FAF7, STM32MP133FAG7, STM32MP135AAE3, STM32MP135AAF3, STM32MP135AAG3, STM32MP135CAE3, STM32MP135CAF3, STM32MP135CAG3, STM32MP135DAE7, STM32MP135DAF7, STM32MP135DAG7, STM32MP135F-DK, STM32MP135FAE7, STM32MP135FAF7, STM32MP135FAF7T, STM32MP135FAF7U, STM32MP135FAG7, STM32U535CBT6, STM32U535CBT6Q, STM32U535CBU6, STM32U535CBU6Q, STM32U535CCT6, STM32U535CCT6Q, STM32U535CCU6, STM32U535CCU6Q, STM32U535CET6, STM32U535CET6Q, STM32U535CEU6, STM32U535CEU6Q, STM32U535JEY6QTR, STM32U535NCY6QTR, STM32U535NEY6QTR, STM32U535RBI6, STM32U535RBI6Q, STM32U535RBT6, STM32U535RBT6Q, STM32U535RCI6, STM32U535RCI6Q, STM32U535RCT6, STM32U535RCT6Q, STM32U535REI6, STM32U535REI6Q, STM32U535RET6, STM32U535RET6Q, STM32U535VCI6, STM32U535VCI6Q, STM32U535VCT6, STM32U535VCT6Q, STM32U535VEI6, STM32U535VEI6Q, STM32U535VET6, STM32U535VET6Q, STM32U545CET6, STM32U545CET6Q, STM32U545CEU6, STM32U545CEU6Q, STM32U545JEY6QTR, STM32U545NEY6QTR, STM32U545REI6, STM32U545REI6Q, STM32U545RET6, STM32U545RET6Q, STM32U545VEI6, STM32U545VEI6Q, STM32U545VET6, STM32U545VET6Q, STM32U595AIH6, STM32U595AIH6Q, STM32U595AJH6, STM32U595AJH6Q, STM32U595QII6, STM32U595QII6Q, STM32U595QJI6, STM32U595QJI6Q, STM32U595RIT6, STM32U595RIT6Q, STM32U595RJT6, STM32U595RJT6Q, STM32U595VIT6, STM32U595VIT6Q, STM32U595VJT6, STM32U595VJT6Q, STM32U595ZIT6, STM32U595ZIT6Q, STM32U595ZIY6QTR, STM32U595ZJT6, STM32U595ZJT6Q, STM32U595ZJY6QTR, STM32U599BJY6QTR, STM32U599NIH6Q, STM32U599NJH6Q, STM32U599VIT6Q, STM32U599VJT6, STM32U599VJT6Q, STM32U599ZIT6Q, STM32U599ZIY6QTR, STM32U599ZJT6Q, STM32U599ZJY6QTR, STM32U5A5AJH6, STM32U5A5AJH6Q, STM32U5A5QJI6, STM32U5A5QJI6Q, STM32U5A5RJT6, STM32U5A5RJT6Q, STM32U5A5VJT6, STM32U5A5VJT6Q, STM32U5A5ZJT6, STM32U5A5ZJT6Q, STM32U5A5ZJY6QTR, STM32U5A9BJY6QTR, STM32U5A9J-DK, STM32U5A9NJH6Q, STM32U5A9VJT6Q, STM32U5A9ZJT6Q, STM32U5A9ZJY6QTR, STM32U5F7VIT6, STM32U5F7VIT6Q, STM32U5F7VJT6, STM32U5F7VJT6Q, STM32U5F9BJY6QTR, STM32U5F9NJH6Q, STM32U5F9VIT6Q, STM32U5F9VJT6Q, STM32U5F9ZIJ6QTR, STM32U5F9ZIT6Q, STM32U5F9ZJJ6QTR, STM32U5F9ZJT6Q, STM32U5G7VJT6, STM32U5G7VJT6Q, STM32U5G9BJY6QTR, STM32U5G9J-DK1, STM32U5G9J-DK2, STM32U5G9NJH6Q, STM32U5G9VJT6Q, STM32U5G9ZJJ6QTR, STM32U5G9ZJT6Q, STM32WB1MMCH6, STM32WBA50KEU6, STM32WBA50KEU6TR, STM32WBA50KGU6, STM32WBA50KGU6TR, STM32WBA52CEU6, STM32WBA52CEU6TR, STM32WBA52CEU7, STM32WBA52CEU7TR, STM32WBA52CGU6, STM32WBA52CGU6TR, STM32WBA52CGU6U, STM32WBA52CGU7, STM32WBA52CGU7TR, STM32WBA52KEU6, STM32WBA52KEU6TR, STM32WBA52KGU6, STM32WBA52KGU6TR, STM32WBA54CEU6, STM32WBA54CEU6TR, STM32WBA54CEU7, STM32WBA54CEU7TR, STM32WBA54CGU6, STM32WBA54CGU6TR, STM32WBA54CGU7, STM32WBA54CGU7TR, STM32WBA54KEU6, STM32WBA54KEU6TR, STM32WBA54KEU7, STM32WBA54KEU7TR, STM32WBA54KGU6, STM32WBA54KGU6TR, STM32WBA54KGU7, STM32WBA54KGU7TR, STM32WBA55CEU6, STM32WBA55CEU6TR, STM32WBA55CEU7, STM32WBA55CEU7TR, STM32WBA55CGU6, STM32WBA55CGU6TR, STM32WBA55CGU6U, STM32WBA55CGU7, STM32WBA55CGU7TR, STM32WBA55G-DK1, STM32WBA55HEF6, STM32WBA55HEF7, STM32WBA55HGF6, STM32WBA55HGF7, STM32WBA55UEI6, STM32WBA55UEI6TR, STM32WBA55UEI7, STM32WBA55UEI7TR, STM32WBA55UGI6, STM32WBA55UGI6TR, STM32WBA55UGI7, STM32WBA55UGI7TR, STM32WL5MOCH6, STM32WL5MOCH6TR]
2024-03-01 09:31:45,871 [INFO] DbMcus:218 - Found 3930 MCUs, 3930 are supported
2024-03-01 09:31:45,872 [INFO] ApiDb:423 - Load user favorites file /Users/robert/.stm32cubeide/favorites.mcus.txt: 0 item(s)
2024-03-01 09:31:45,872 [INFO] ApiDb:427 - User favorites MCUs=[]
2024-03-01 09:31:45,873 [INFO] DbMcus:224 - Set 0 / 0 favorites MCUs
2024-03-01 09:31:46,139 [INFO] MicroXplorer:468 - Change Database Path : 
2024-03-01 09:31:46,139 [INFO] MicroXplorer:498 - Change Database Version : DB.6.0.100
2024-03-01 09:31:46,139 [WARN] ThirdParty:833 - waiting for thirdparty lock release [change project]
2024-03-01 09:31:46,139 [INFO] ThirdParty:835 - entering critical section [change project]
2024-03-01 09:31:46,139 [INFO] ThirdParty:1030 - CMSIS Pack Vendor :STMicroelectronics USBPD 4.1
2024-03-01 09:31:46,139 [INFO] ThirdParty:1030 - CMSIS Pack Vendor :STMicroelectronics X-CUBE-GNSS1 6.0.0
2024-03-01 09:31:46,139 [INFO] ThirdParty:1030 - CMSIS Pack Vendor :STMicroelectronics USB_HOST 2.0.0
2024-03-01 09:31:46,139 [INFO] ThirdParty:1030 - CMSIS Pack Vendor :STMicroelectronics X-CUBE-AZRTOS-F4 1.1.0
2024-03-01 09:31:46,139 [INFO] ThirdParty:1030 - CMSIS Pack Vendor :STMicroelectronics LIBJPEG 8.0.0
2024-03-01 09:31:46,139 [INFO] ThirdParty:1030 - CMSIS Pack Vendor :STMicroelectronics X-CUBE-SMBUS 2.1.0
2024-03-01 09:31:46,139 [INFO] ThirdParty:1030 - CMSIS Pack Vendor :STMicroelectronics USB_DEVICE 3.0.0
2024-03-01 09:31:46,139 [INFO] ThirdParty:1030 - CMSIS Pack Vendor :STMicroelectronics X-CUBE-AZRTOS-WB 2.0.0
2024-03-01 09:31:46,139 [INFO] ThirdParty:1030 - CMSIS Pack Vendor :wolfSSL I-CUBE-wolfSSL 5.6.6
2024-03-01 09:31:46,139 [INFO] ThirdParty:1030 - CMSIS Pack Vendor :STMicroelectronics X-CUBE-TOUCHGFX 4.23.0
2024-03-01 09:31:46,139 [INFO] ThirdParty:1030 - CMSIS Pack Vendor :STMicroelectronics X-CUBE-AZRTOS-F7 1.1.0
2024-03-01 09:31:46,139 [INFO] ThirdParty:1030 - CMSIS Pack Vendor :STMicroelectronics X-CUBE-AZRTOS-L5 2.0.0
2024-03-01 09:31:46,139 [INFO] ThirdParty:1030 - CMSIS Pack Vendor :STMicroelectronics USB_DEVICE 2.0.0
2024-03-01 09:31:46,140 [INFO] ThirdParty:1030 - CMSIS Pack Vendor :ITTIA_DB I-CUBE-ITTIADB 8.8.0
2024-03-01 09:31:46,140 [INFO] ThirdParty:1030 - CMSIS Pack Vendor :STMicroelectronics FP-SNS-MOTENV1 4.3.2
2024-03-01 09:31:46,140 [INFO] ThirdParty:1030 - CMSIS Pack Vendor :STMicroelectronics X-CUBE-ALGOBUILD 1.3.0
2024-03-01 09:31:46,140 [INFO] ThirdParty:1030 - CMSIS Pack Vendor :STMicroelectronics FreeRTOS 0.0.1
2024-03-01 09:31:46,140 [INFO] ThirdParty:1030 - CMSIS Pack Vendor :STMicroelectronics X-CUBE-AZRTOS-G0 1.1.0
2024-03-01 09:31:46,140 [INFO] ThirdParty:1030 - CMSIS Pack Vendor :STMicroelectronics X-CUBE-NFC4 3.0.0
2024-03-01 09:31:46,140 [INFO] ThirdParty:1030 - CMSIS Pack Vendor :STMicroelectronics X-CUBE-SUBG2 5.0.0
2024-03-01 09:31:46,140 [INFO] ThirdParty:1030 - CMSIS Pack Vendor :STMicroelectronics STM32_WPAN 1.0.0
2024-03-01 09:31:46,140 [INFO] ThirdParty:1030 - CMSIS Pack Vendor :STMicroelectronics lwIP 2.0.3
2024-03-01 09:31:46,140 [INFO] ThirdParty:1030 - CMSIS Pack Vendor :STMicroelectronics FP-SNS-FLIGHT1 5.0.2
2024-03-01 09:31:46,140 [INFO] ThirdParty:1030 - CMSIS Pack Vendor :STMicroelectronics USB_HOST 1.0.0
2024-03-01 09:31:46,140 [INFO] ThirdParty:1030 - CMSIS Pack Vendor :STMicroelectronics X-CUBE-AZRTOS-G4 2.0.0
2024-03-01 09:31:46,140 [INFO] ThirdParty:1030 - CMSIS Pack Vendor :STMicroelectronics PDM2PCM 3.1.0
2024-03-01 09:31:46,140 [INFO] ThirdParty:1030 - CMSIS Pack Vendor :Infineon AIROC-Wi-Fi-Bluetooth-STM32 1.5.1
2024-03-01 09:31:46,140 [INFO] ThirdParty:1030 - CMSIS Pack Vendor :STMicroelectronics X-CUBE-BLEMGR 3.0.0
2024-03-01 09:31:46,140 [INFO] ThirdParty:1030 - CMSIS Pack Vendor :STMicroelectronics PDM2PCM 3.3.0
2024-03-01 09:31:46,140 [INFO] ThirdParty:1030 - CMSIS Pack Vendor :STMicroelectronics X-CUBE-DISPLAY 3.0.0
2024-03-01 09:31:46,140 [INFO] ThirdParty:1030 - CMSIS Pack Vendor :STMicroelectronics FP-SNS-MOTENVWB1 1.3.1
2024-03-01 09:31:46,140 [INFO] ThirdParty:1030 - CMSIS Pack Vendor :STMicroelectronics X-CUBE-BLE1 7.0.0
2024-03-01 09:31:46,140 [INFO] ThirdParty:1030 - CMSIS Pack Vendor :STMicroelectronics FP-ATR-SIGFOX1 3.2.0
2024-03-01 09:31:46,140 [INFO] ThirdParty:1030 - CMSIS Pack Vendor :STMicroelectronics X-CUBE-ISPU 2.0.0
2024-03-01 09:31:46,140 [INFO] ThirdParty:1030 - CMSIS Pack Vendor :STMicroelectronics X-CUBE-EEPRMA1 5.1.0
2024-03-01 09:31:46,140 [INFO] ThirdParty:1030 - CMSIS Pack Vendor :STMicroelectronics HAL Drivers 0.0.0
2024-03-01 09:31:46,140 [INFO] ThirdParty:1030 - CMSIS Pack Vendor :STMicroelectronics MBEDTLS 2.16.2
2024-03-01 09:31:46,140 [INFO] ThirdParty:1030 - CMSIS Pack Vendor :emotas I-CUBE-CANOPEN 1.3.0
2024-03-01 09:31:46,140 [INFO] ThirdParty:1030 - CMSIS Pack Vendor :STMicroelectronics X-CUBE-MEMS1 10.0.0
2024-03-01 09:31:46,140 [INFO] ThirdParty:1030 - CMSIS Pack Vendor :STMicroelectronics X-CUBE-FREERTOS 1.1.0
2024-03-01 09:31:46,140 [INFO] ThirdParty:1030 - CMSIS Pack Vendor :STMicroelectronics X-CUBE-NFC7 1.0.1
2024-03-01 09:31:46,140 [INFO] ThirdParty:1030 - CMSIS Pack Vendor :STMicroelectronics MBEDTLS 2.14.1
2024-03-01 09:31:46,140 [INFO] ThirdParty:1030 - CMSIS Pack Vendor :STMicroelectronics X-CUBE-NFC6 3.0.0
2024-03-01 09:31:46,141 [INFO] ThirdParty:1030 - CMSIS Pack Vendor :portGmbH I-Cube-SoM-uGOAL 1.1.0
2024-03-01 09:31:46,141 [INFO] ThirdParty:1030 - CMSIS Pack Vendor :STMicroelectronics X-CUBE-ALS 1.0.1
2024-03-01 09:31:46,141 [INFO] ThirdParty:1030 - CMSIS Pack Vendor :STMicroelectronics ThreadX 1.0.0
2024-03-01 09:31:46,141 [INFO] ThirdParty:1030 - CMSIS Pack Vendor :STMicroelectronics FP-SNS-SMARTAG2 1.2.0
2024-03-01 09:31:46,141 [INFO] ThirdParty:1030 - CMSIS Pack Vendor :STMicroelectronics X-CUBE-AZRTOS-WL 2.0.0
2024-03-01 09:31:46,141 [INFO] ThirdParty:1030 - CMSIS Pack Vendor :SEGGER I-CUBE-embOS 1.3.1
2024-03-01 09:31:46,141 [INFO] ThirdParty:1030 - CMSIS Pack Vendor :STMicroelectronics USB_DEVICE 1.0.0
2024-03-01 09:31:46,141 [INFO] ThirdParty:1030 - CMSIS Pack Vendor :STMicroelectronics X-CUBE-AI 8.1.0
2024-03-01 09:31:46,141 [INFO] ThirdParty:1030 - CMSIS Pack Vendor :STMicroelectronics X-CUBE-AZRTOS-L4 2.0.0
2024-03-01 09:31:46,141 [INFO] ThirdParty:1030 - CMSIS Pack Vendor :STMicroelectronics ThreadX 0.0.2
2024-03-01 09:31:46,141 [INFO] ThirdParty:1030 - CMSIS Pack Vendor :WES I-CUBE-Cesium 1.3.0
2024-03-01 09:31:46,141 [INFO] ThirdParty:1030 - CMSIS Pack Vendor :STMicroelectronics FP-ATR-ASTRA1 2.0.0
2024-03-01 09:31:46,141 [INFO] ThirdParty:1030 - CMSIS Pack Vendor :STMicroelectronics lwIP 2.1.2
2024-03-01 09:31:46,142 [INFO] ThirdParty:1030 - CMSIS Pack Vendor :STMicroelectronics X-CUBE-SFXS2LP1 4.0.0
2024-03-01 09:31:46,142 [INFO] ThirdParty:1030 - CMSIS Pack Vendor :STMicroelectronics X-CUBE-BLE2 3.3.0
2024-03-01 09:31:46,142 [INFO] ThirdParty:1030 - CMSIS Pack Vendor :STMicroelectronics X-CUBE-TOF1 3.4.0
2024-03-01 09:31:46,142 [INFO] ThirdParty:1030 - CMSIS Pack Vendor :STMicroelectronics X-CUBE-AZRTOS-H7 3.2.0
2024-03-01 09:31:46,142 [INFO] ThirdParty:1030 - CMSIS Pack Vendor :STMicroelectronics PDM2PCM 3.2.0
2024-03-01 09:31:46,144 [INFO] ThirdParty:841 - exiting critical section [change project]
2024-03-01 09:31:47,172 [INFO] PinOutPanel:1499 - setPackage(No Configuration,No Configuration)
2024-03-01 09:31:47,180 [INFO] PinOutPanel:1499 - setPackage(STM32L476RGTx,LQFP64)
2024-03-01 09:31:48,458 [INFO] UtilMem:75 - Before build in PCC Used Memory: 243963456 Bytes (485490688)
2024-03-01 09:31:49,811 [INFO] UtilMem:75 - After build in PCC Used Memory: 195054080 Bytes (485490688)
2024-03-01 09:31:49,914 [INFO] IPUIPlugin:80 - create IPUIPlugin
2024-03-01 09:31:49,917 [INFO] IPUIPlugin:80 - create IPUIPlugin
2024-03-01 09:31:49,918 [INFO] IPUIPlugin:80 - create IPUIPlugin
2024-03-01 09:31:49,919 [INFO] IPUIPlugin:80 - create IPUIPlugin
2024-03-01 09:31:49,919 [INFO] IPUIPlugin:80 - create IPUIPlugin
2024-03-01 09:31:49,919 [INFO] IPUIPlugin:80 - create IPUIPlugin
2024-03-01 09:31:49,919 [INFO] IPUIPlugin:80 - create IPUIPlugin
2024-03-01 09:31:49,920 [INFO] IPUIPlugin:80 - create IPUIPlugin
2024-03-01 09:31:49,920 [INFO] IPUIPlugin:80 - create IPUIPlugin
2024-03-01 09:31:49,920 [INFO] IPUIPlugin:80 - create IPUIPlugin
2024-03-01 09:31:49,920 [INFO] IPUIPlugin:80 - create IPUIPlugin
2024-03-01 09:31:49,920 [INFO] IPUIPlugin:80 - create IPUIPlugin
2024-03-01 09:31:49,920 [INFO] IPUIPlugin:80 - create IPUIPlugin
2024-03-01 09:31:49,921 [INFO] IPUIPlugin:80 - create IPUIPlugin
2024-03-01 09:31:49,921 [INFO] IPUIPlugin:80 - create IPUIPlugin
2024-03-01 09:31:49,921 [INFO] IPUIPlugin:80 - create IPUIPlugin
2024-03-01 09:31:49,925 [INFO] IPUIPlugin:80 - create IPUIPlugin
2024-03-01 09:31:49,925 [INFO] IPUIPlugin:80 - create IPUIPlugin
2024-03-01 09:31:49,925 [INFO] IPUIPlugin:80 - create IPUIPlugin
2024-03-01 09:31:49,926 [INFO] IPUIPlugin:80 - create IPUIPlugin
2024-03-01 09:31:49,926 [INFO] IPUIPlugin:80 - create IPUIPlugin
2024-03-01 09:31:49,926 [INFO] IPUIPlugin:80 - create IPUIPlugin
2024-03-01 09:31:49,926 [INFO] IPUIPlugin:80 - create IPUIPlugin
2024-03-01 09:31:49,926 [INFO] IPUIPlugin:80 - create IPUIPlugin
2024-03-01 09:31:49,926 [INFO] IPUIPlugin:80 - create IPUIPlugin
2024-03-01 09:31:49,926 [INFO] IPUIPlugin:80 - create IPUIPlugin
2024-03-01 09:31:49,927 [INFO] IPUIPlugin:80 - create IPUIPlugin
2024-03-01 09:31:49,927 [INFO] IPUIPlugin:80 - create IPUIPlugin
2024-03-01 09:31:49,927 [INFO] IPUIPlugin:80 - create IPUIPlugin
2024-03-01 09:31:49,927 [INFO] IPUIPlugin:80 - create IPUIPlugin
2024-03-01 09:31:49,927 [INFO] IPUIPlugin:80 - create IPUIPlugin
2024-03-01 09:31:49,927 [INFO] IPUIPlugin:80 - create IPUIPlugin
2024-03-01 09:31:49,927 [INFO] IPUIPlugin:80 - create IPUIPlugin
2024-03-01 09:31:49,927 [INFO] IPUIPlugin:80 - create IPUIPlugin
2024-03-01 09:31:49,928 [INFO] IPUIPlugin:80 - create IPUIPlugin
2024-03-01 09:31:49,928 [INFO] IPUIPlugin:80 - create IPUIPlugin
2024-03-01 09:31:49,928 [INFO] IPUIPlugin:80 - create IPUIPlugin
2024-03-01 09:31:49,928 [INFO] IPUIPlugin:80 - create IPUIPlugin
2024-03-01 09:31:49,928 [INFO] IPUIPlugin:80 - create IPUIPlugin
2024-03-01 09:31:49,928 [INFO] IPUIPlugin:80 - create IPUIPlugin
2024-03-01 09:31:49,928 [INFO] IPUIPlugin:80 - create IPUIPlugin
2024-03-01 09:31:49,929 [INFO] IPUIPlugin:80 - create IPUIPlugin
2024-03-01 09:31:49,929 [INFO] IPUIPlugin:80 - create IPUIPlugin
2024-03-01 09:31:49,929 [INFO] IPUIPlugin:80 - create IPUIPlugin
2024-03-01 09:31:49,929 [INFO] IPUIPlugin:80 - create IPUIPlugin
2024-03-01 09:31:49,929 [INFO] IPUIPlugin:80 - create IPUIPlugin
2024-03-01 09:31:49,929 [INFO] IPUIPlugin:80 - create IPUIPlugin
2024-03-01 09:31:49,929 [INFO] IPUIPlugin:80 - create IPUIPlugin
2024-03-01 09:31:49,930 [INFO] IPUIPlugin:80 - create IPUIPlugin
2024-03-01 09:31:49,930 [INFO] IPUIPlugin:80 - create IPUIPlugin
2024-03-01 09:31:49,930 [INFO] IPUIPlugin:80 - create IPUIPlugin
2024-03-01 09:31:49,930 [INFO] IPUIPlugin:80 - create IPUIPlugin
2024-03-01 09:31:49,930 [INFO] IPUIPlugin:80 - create IPUIPlugin
2024-03-01 09:31:49,930 [INFO] IPUIPlugin:80 - create IPUIPlugin
2024-03-01 09:31:49,931 [INFO] IPUIPlugin:80 - create IPUIPlugin
2024-03-01 09:31:49,931 [INFO] IPUIPlugin:80 - create IPUIPlugin
2024-03-01 09:31:49,935 [INFO] IPUIPlugin:80 - create IPUIPlugin
2024-03-01 09:31:49,935 [INFO] IPUIPlugin:80 - create IPUIPlugin
2024-03-01 09:31:49,935 [INFO] IPUIPlugin:80 - create IPUIPlugin
2024-03-01 09:31:50,545 [INFO] CADModel:165 - CPN selected for project levelSTM32L476RGT3
2024-03-01 09:31:50,546 [INFO] CADModel:114 - Register for checkConnection events
2024-03-01 09:31:50,612 [INFO] OpenFileManager:343 - Restore cursor
2024-03-01 09:33:25,938 [ERROR] ConfigurationRetriever:142 - IOException on connection: sw-center.st.com
2024-03-01 09:33:25,942 [ERROR] ConfigurationRetriever:142 - IOException on connection: sw-center.st.com
2024-03-01 09:33:25,943 [ERROR] ConfigurationRetriever:142 - IOException on connection: sw-center.st.com
