2024-02-11 13:18:33,706 [INFO] Gpio:277 - dependency for GPIO [RCC, SYS, USART2]
2024-02-11 13:18:33,809 [INFO] NvicIntPanel:101 - NVIC parent = com.st.microxplorer.plugins.ip.nvic.MultiNvicIntPanel[,0,0,0x0,invalid,layout=javax.swing.BoxLayout,alignmentX=0.0,alignmentY=0.0,border=,flags=9,maximumSize=,minimumSize=,preferredSize=]
2024-02-11 13:18:52,011 [INFO] PinOutViewColor:267 - [PINOUTVIEW COLOR] - (Default color) Pinout view option name = PinInUseBkgColor, color value = java.awt.Color[r=0,g=204,b=68]
2024-02-11 13:18:52,011 [INFO] PinOutViewColor:267 - [PINOUTVIEW COLOR] - (Default color) Pinout view option name = PinInUseTxtColor, color value = java.awt.Color[r=255,g=255,b=255]
2024-02-11 13:18:52,011 [INFO] PinOutViewColor:267 - [PINOUTVIEW COLOR] - (Default color) Pinout view option name = PinNotInUseBkgColor, color value = java.awt.Color[r=185,g=196,b=202]
2024-02-11 13:18:52,011 [INFO] PinOutViewColor:267 - [PINOUTVIEW COLOR] - (Default color) Pinout view option name = PinNotInUseTxtColor, color value = java.awt.Color[r=0,g=0,b=0]
2024-02-11 13:18:52,011 [INFO] PinOutViewColor:267 - [PINOUTVIEW COLOR] - (Default color) Pinout view option name = PopupInUseColor, color value = java.awt.Color[r=0,g=204,b=68]
2024-02-11 13:18:52,012 [INFO] PinOutViewColor:267 - [PINOUTVIEW COLOR] - (Default color) Pinout view option name = PopupNotInUseColor, color value = java.awt.Color[r=226,g=230,b=233]
2024-02-11 13:18:52,012 [INFO] PinOutViewColor:267 - [PINOUTVIEW COLOR] - (Default color) Pinout view option name = PinSingleMappedColor, color value = java.awt.Color[r=255,g=211,b=0]
2024-02-11 13:18:52,012 [INFO] PinOutViewColor:267 - [PINOUTVIEW COLOR] - (Default color) Pinout view option name = PinAlimBkgColor, color value = java.awt.Color[r=255,g=246,b=204]
2024-02-11 13:18:52,012 [INFO] PinOutViewColor:267 - [PINOUTVIEW COLOR] - (Default color) Pinout view option name = PinAlimTextColor, color value = java.awt.Color[r=0,g=0,b=0]
2024-02-11 13:18:52,012 [INFO] PinOutViewColor:267 - [PINOUTVIEW COLOR] - (Default color) Pinout view option name = BlockPinBkgColor, color value = java.awt.Color[r=0,g=92,b=230]
2024-02-11 13:18:52,012 [INFO] PinOutViewColor:267 - [PINOUTVIEW COLOR] - (Default color) Pinout view option name = BlockPinTxtColor, color value = java.awt.Color[r=0,g=0,b=0]
2024-02-11 13:18:52,012 [INFO] PinOutViewColor:267 - [PINOUTVIEW COLOR] - (Default color) Pinout view option name = ReservedPinBkgColor, color value = java.awt.Color[r=187,g=204,b=0]
2024-02-11 13:18:52,012 [INFO] PinOutViewColor:267 - [PINOUTVIEW COLOR] - (Default color) Pinout view option name = ReservedPinTxtColor, color value = java.awt.Color[r=0,g=0,b=0]
2024-02-11 13:18:52,012 [INFO] PinOutViewColor:267 - [PINOUTVIEW COLOR] - (Default color) Pinout view option name = MonoIOPinBkgColor, color value = java.awt.Color[r=153,g=255,b=185]
2024-02-11 13:18:52,012 [INFO] PinOutViewColor:267 - [PINOUTVIEW COLOR] - (Default color) Pinout view option name = UnmappedLockPinBkgColor, color value = java.awt.Color[r=230,g=0,b=126]
2024-02-11 13:18:52,012 [INFO] PinOutViewColor:267 - [PINOUTVIEW COLOR] - (Default color) Pinout view option name = UnmappedLockPinTxtColor, color value = java.awt.Color[r=0,g=0,b=0]
2024-02-11 13:18:52,012 [INFO] PinOutViewColor:267 - [PINOUTVIEW COLOR] - (Default color) Pinout view option name = PinMovedBkgColor, color value = java.awt.Color[r=255,g=255,b=255]
2024-02-11 13:18:52,012 [INFO] PinOutViewColor:267 - [PINOUTVIEW COLOR] - (Default color) Pinout view option name = PinMovedTxtColor, color value = java.awt.Color[r=0,g=0,b=0]
2024-02-11 13:18:52,012 [INFO] PinOutViewColor:267 - [PINOUTVIEW COLOR] - (Default color) Pinout view option name = Chip3DBorder1Color, color value = java.awt.Color[r=255,g=255,b=255]
2024-02-11 13:18:52,012 [INFO] PinOutViewColor:267 - [PINOUTVIEW COLOR] - (Default color) Pinout view option name = Chip3DBorder2Color, color value = java.awt.Color[r=0,g=0,b=0]
2024-02-11 13:18:52,012 [INFO] PinOutViewColor:267 - [PINOUTVIEW COLOR] - (Default color) Pinout view option name = ChipGradient1Color, color value = java.awt.Color[r=79,g=82,b=81]
2024-02-11 13:18:52,012 [INFO] PinOutViewColor:267 - [PINOUTVIEW COLOR] - (Default color) Pinout view option name = ChipGradient2Color, color value = java.awt.Color[r=144,g=152,b=158]
2024-02-11 13:18:52,012 [INFO] PinOutViewColor:267 - [PINOUTVIEW COLOR] - (Default color) Pinout view option name = ZeroPinCircleFgdColor, color value = java.awt.Color[r=48,g=54,b=54]
2024-02-11 13:18:52,013 [INFO] PinOutViewColor:284 - [PINOUTVIEW COLOR] - (Registered color) Pinout view option name = PinInUseBkgColor, color value = java.awt.Color[r=0,g=204,b=68]
2024-02-11 13:18:52,013 [INFO] PinOutViewColor:284 - [PINOUTVIEW COLOR] - (Registered color) Pinout view option name = PinInUseTxtColor, color value = java.awt.Color[r=255,g=255,b=255]
2024-02-11 13:18:52,013 [INFO] PinOutViewColor:284 - [PINOUTVIEW COLOR] - (Registered color) Pinout view option name = PinNotInUseBkgColor, color value = java.awt.Color[r=185,g=196,b=202]
2024-02-11 13:18:52,014 [INFO] PinOutViewColor:284 - [PINOUTVIEW COLOR] - (Registered color) Pinout view option name = PinNotInUseTxtColor, color value = java.awt.Color[r=0,g=0,b=0]
2024-02-11 13:18:52,014 [INFO] PinOutViewColor:284 - [PINOUTVIEW COLOR] - (Registered color) Pinout view option name = PopupInUseColor, color value = java.awt.Color[r=0,g=204,b=68]
2024-02-11 13:18:52,014 [INFO] PinOutViewColor:284 - [PINOUTVIEW COLOR] - (Registered color) Pinout view option name = PopupNotInUseColor, color value = java.awt.Color[r=226,g=230,b=233]
2024-02-11 13:18:52,014 [INFO] PinOutViewColor:284 - [PINOUTVIEW COLOR] - (Registered color) Pinout view option name = PinSingleMappedColor, color value = java.awt.Color[r=255,g=211,b=0]
2024-02-11 13:18:52,014 [INFO] PinOutViewColor:284 - [PINOUTVIEW COLOR] - (Registered color) Pinout view option name = PinAlimBkgColor, color value = java.awt.Color[r=255,g=246,b=204]
2024-02-11 13:18:52,014 [INFO] PinOutViewColor:284 - [PINOUTVIEW COLOR] - (Registered color) Pinout view option name = PinAlimTextColor, color value = java.awt.Color[r=0,g=0,b=0]
2024-02-11 13:18:52,014 [INFO] PinOutViewColor:284 - [PINOUTVIEW COLOR] - (Registered color) Pinout view option name = BlockPinBkgColor, color value = java.awt.Color[r=0,g=92,b=230]
2024-02-11 13:18:52,014 [INFO] PinOutViewColor:284 - [PINOUTVIEW COLOR] - (Registered color) Pinout view option name = BlockPinTxtColor, color value = java.awt.Color[r=0,g=0,b=0]
2024-02-11 13:18:52,014 [INFO] PinOutViewColor:284 - [PINOUTVIEW COLOR] - (Registered color) Pinout view option name = ReservedPinBkgColor, color value = java.awt.Color[r=187,g=204,b=0]
2024-02-11 13:18:52,014 [INFO] PinOutViewColor:284 - [PINOUTVIEW COLOR] - (Registered color) Pinout view option name = ReservedPinTxtColor, color value = java.awt.Color[r=0,g=0,b=0]
2024-02-11 13:18:52,014 [INFO] PinOutViewColor:284 - [PINOUTVIEW COLOR] - (Registered color) Pinout view option name = MonoIOPinBkgColor, color value = java.awt.Color[r=153,g=255,b=185]
2024-02-11 13:18:52,014 [INFO] PinOutViewColor:284 - [PINOUTVIEW COLOR] - (Registered color) Pinout view option name = UnmappedLockPinBkgColor, color value = java.awt.Color[r=230,g=0,b=126]
2024-02-11 13:18:52,014 [INFO] PinOutViewColor:284 - [PINOUTVIEW COLOR] - (Registered color) Pinout view option name = UnmappedLockPinTxtColor, color value = java.awt.Color[r=0,g=0,b=0]
2024-02-11 13:18:52,014 [INFO] PinOutViewColor:284 - [PINOUTVIEW COLOR] - (Registered color) Pinout view option name = PinMovedBkgColor, color value = java.awt.Color[r=255,g=255,b=255]
2024-02-11 13:18:52,014 [INFO] PinOutViewColor:284 - [PINOUTVIEW COLOR] - (Registered color) Pinout view option name = PinMovedTxtColor, color value = java.awt.Color[r=0,g=0,b=0]
2024-02-11 13:18:52,014 [INFO] PinOutViewColor:284 - [PINOUTVIEW COLOR] - (Registered color) Pinout view option name = Chip3DBorder1Color, color value = java.awt.Color[r=255,g=255,b=255]
2024-02-11 13:18:52,014 [INFO] PinOutViewColor:284 - [PINOUTVIEW COLOR] - (Registered color) Pinout view option name = Chip3DBorder2Color, color value = java.awt.Color[r=0,g=0,b=0]
2024-02-11 13:18:52,014 [INFO] PinOutViewColor:284 - [PINOUTVIEW COLOR] - (Registered color) Pinout view option name = ChipGradient1Color, color value = java.awt.Color[r=79,g=82,b=81]
2024-02-11 13:18:52,014 [INFO] PinOutViewColor:284 - [PINOUTVIEW COLOR] - (Registered color) Pinout view option name = ChipGradient2Color, color value = java.awt.Color[r=144,g=152,b=158]
2024-02-11 13:18:52,014 [INFO] PinOutViewColor:284 - [PINOUTVIEW COLOR] - (Registered color) Pinout view option name = ZeroPinCircleFgdColor, color value = java.awt.Color[r=48,g=54,b=54]
2024-02-11 13:18:54,022 [INFO] PinOutViewColor:511 - [PINOUTVIEW COLOR] - Analytics ON for PINOUT VIEW COLOR OPTION
2024-02-11 13:19:14,222 [INFO] Gpio:277 - dependency for GPIO [RCC, SYS, USART2]
2024-02-11 13:19:14,275 [INFO] NvicIntPanel:101 - NVIC parent = com.st.microxplorer.plugins.ip.nvic.MultiNvicIntPanel[,0,0,0x0,invalid,layout=javax.swing.BoxLayout,alignmentX=0.0,alignmentY=0.0,border=,flags=9,maximumSize=,minimumSize=,preferredSize=]
